<?xml version="1.0" encoding="UTF-8"?>
<!-- Generated by org.testng.reporters.JUnitReportReporter -->
<testsuite hostname="nw085" name="com.example.tests.ContactBook" tests="2" failures="0" timestamp="17 Dec 2013 15:20:11 GMT" time="11.401" errors="0">
  <testcase name="createContact" time="7.668" classname="com.example.tests.ContactBook"/>
  <testcase name="createEmptyContact" time="3.733" classname="com.example.tests.ContactBook"/>
</testsuite> <!-- com.example.tests.ContactBook -->
