<?xml version="1.0" encoding="UTF-8"?>
<!-- Generated by org.testng.reporters.JUnitReportReporter -->
<testsuite hostname="nw085" name="com.example.tests.GroupCreationTests" tests="2" failures="0" timestamp="17 Dec 2013 15:20:11 GMT" time="13.399" errors="0">
  <testcase name="testNonEmptyGroupCreation" time="6.672" classname="com.example.tests.GroupCreationTests"/>
  <testcase name="testEmptyGroupCreation" time="6.727" classname="com.example.tests.GroupCreationTests"/>
</testsuite> <!-- com.example.tests.GroupCreationTests -->
