<?xml version="1.0" encoding="UTF-8"?>
<!-- Generated by org.testng.reporters.JUnitReportReporter -->
<testsuite hostname="nw085" name="com.example.tests.GroupCreationTests" tests="2" failures="0" timestamp="9 Jan 2014 09:03:49 GMT" time="13.250" errors="0">
  <testcase name="testEmptyGroupCreation" time="6.632" classname="com.example.tests.GroupCreationTests"/>
  <testcase name="testNonEmptyGroupCreation" time="6.618" classname="com.example.tests.GroupCreationTests"/>
</testsuite> <!-- com.example.tests.GroupCreationTests -->
