<?xml version="1.0" encoding="UTF-8"?>
<!-- Generated by org.testng.reporters.JUnitReportReporter -->
<testsuite hostname="nw085" name="com.example.tests.ContactBook" tests="2" failures="0" timestamp="9 Jan 2014 09:03:49 GMT" time="11.499" errors="0">
  <testcase name="createEmptyContact" time="3.816" classname="com.example.tests.ContactBook"/>
  <testcase name="createContact" time="7.683" classname="com.example.tests.ContactBook"/>
</testsuite> <!-- com.example.tests.ContactBook -->
