<?xml version="1.0" encoding="UTF-8"?>
<!-- Generated by org.testng.reporters.JUnitReportReporter -->
<testsuite hostname="nw085" name="com.example.tests.GroupCreationTests" tests="2" failures="0" timestamp="9 Jan 2014 09:37:37 GMT" time="13.181" errors="0">
  <testcase name="testEmptyGroupCreation" time="6.483" classname="com.example.tests.GroupCreationTests"/>
  <testcase name="testNonEmptyGroupCreation" time="6.698" classname="com.example.tests.GroupCreationTests"/>
</testsuite> <!-- com.example.tests.GroupCreationTests -->
