<?xml version="1.0" encoding="UTF-8"?>
<!-- Generated by org.testng.reporters.JUnitReportReporter -->
<testsuite hostname="nw085" name="com.example.tests.GroupModificationTest" tests="1" failures="0" timestamp="10 Jan 2014 08:07:14 GMT" time="6.488" errors="0">
  <testcase name="deleteSomeGroup" time="6.488" classname="com.example.tests.GroupModificationTest"/>
</testsuite> <!-- com.example.tests.GroupModificationTest -->
