<?xml version="1.0" encoding="UTF-8"?>
<!-- Generated by org.testng.reporters.JUnitReportReporter -->
<testsuite hostname="nw085" name="com.example.tests.ContactBook" tests="2" failures="0" timestamp="9 Jan 2014 09:37:37 GMT" time="11.421" errors="0">
  <testcase name="createEmptyContact" time="3.856" classname="com.example.tests.ContactBook"/>
  <testcase name="createContact" time="7.565" classname="com.example.tests.ContactBook"/>
</testsuite> <!-- com.example.tests.ContactBook -->
