<?xml version="1.0" encoding="UTF-8"?>
<!-- Generated by org.testng.reporters.JUnitReportReporter -->
<testsuite hostname="nw085" name="com.example.tests.AlsoOfGroupCreationTests" tests="2" failures="0" timestamp="17 Dec 2013 13:14:37 GMT" time="12.788" errors="0">
  <testcase name="testEmptyGroupCreation" time="5.737" classname="com.example.tests.AlsoOfGroupCreationTests"/>
  <testcase name="testNonEmptyGroupCreation" time="7.051" classname="com.example.tests.AlsoOfGroupCreationTests"/>
</testsuite> <!-- com.example.tests.AlsoOfGroupCreationTests -->
